0 info it worked if it ends with ok
1 verbose cli [ '/usr/bin/node', '/usr/bin/npm', 'install', '-g', 'angular-cli' ]
2 info using npm@1.4.28
3 info using node@v0.10.37
4 verbose node symlink /usr/bin/node
5 verbose cache add [ 'angular-cli', null ]
6 verbose cache add name=undefined spec="angular-cli" args=["angular-cli",null]
7 verbose parsed url { protocol: null,
7 verbose parsed url   slashes: null,
7 verbose parsed url   auth: null,
7 verbose parsed url   host: null,
7 verbose parsed url   port: null,
7 verbose parsed url   hostname: null,
7 verbose parsed url   hash: null,
7 verbose parsed url   search: null,
7 verbose parsed url   query: null,
7 verbose parsed url   pathname: 'angular-cli',
7 verbose parsed url   path: 'angular-cli',
7 verbose parsed url   href: 'angular-cli' }
8 silly lockFile 3f404d41-angular-cli angular-cli
9 verbose lock angular-cli /home/ashish/.npm/3f404d41-angular-cli.lock
10 silly lockFile 3f404d41-angular-cli angular-cli
11 silly lockFile 3f404d41-angular-cli angular-cli
12 verbose addNamed [ 'angular-cli', '' ]
13 verbose addNamed [ null, '*' ]
14 silly lockFile 5e40e1bb-angular-cli angular-cli@
15 verbose lock angular-cli@ /home/ashish/.npm/5e40e1bb-angular-cli.lock
16 silly addNameRange { name: 'angular-cli', range: '*', hasData: false }
17 verbose request where is /angular-cli
18 verbose request registry https://registry.npmjs.org/
19 verbose request id 92ff6361a49e31dd
20 verbose url raw /angular-cli
21 verbose url resolving [ 'https://registry.npmjs.org/', './angular-cli' ]
22 verbose url resolved https://registry.npmjs.org/angular-cli
23 verbose request where is https://registry.npmjs.org/angular-cli
24 info trying registry request attempt 1 at 15:24:35
25 http GET https://registry.npmjs.org/angular-cli
26 http 200 https://registry.npmjs.org/angular-cli
27 silly registry.get cb [ 200,
27 silly registry.get   { server: 'CouchDB/1.5.0 (Erlang OTP/R16B03)',
27 silly registry.get     etag: '"77WZ466DZIMXK6FBPRPLQZ7O7"',
27 silly registry.get     'content-type': 'application/json',
27 silly registry.get     'content-encoding': 'gzip',
27 silly registry.get     'cache-control': 'max-age=300',
27 silly registry.get     'content-length': '17311',
27 silly registry.get     'accept-ranges': 'bytes',
27 silly registry.get     date: 'Sun, 14 Aug 2016 09:54:36 GMT',
27 silly registry.get     via: '1.1 varnish',
27 silly registry.get     age: '63',
27 silly registry.get     connection: 'keep-alive',
27 silly registry.get     'x-served-by': 'cache-sin6921-SIN',
27 silly registry.get     'x-cache': 'HIT',
27 silly registry.get     'x-cache-hits': '30',
27 silly registry.get     'x-timer': 'S1471168476.493806,VS0,VE0',
27 silly registry.get     vary: 'Accept-Encoding' } ]
28 silly addNameRange number 2 { name: 'angular-cli', range: '*', hasData: true }
29 silly addNameRange versions [ 'angular-cli',
29 silly addNameRange   [ '0.0.0',
29 silly addNameRange     '0.0.1',
29 silly addNameRange     '0.0.2',
29 silly addNameRange     '0.0.3',
29 silly addNameRange     '0.0.4',
29 silly addNameRange     '0.0.5',
29 silly addNameRange     '0.0.6',
29 silly addNameRange     '0.0.7',
29 silly addNameRange     '0.0.8',
29 silly addNameRange     '0.0.9',
29 silly addNameRange     '0.0.10',
29 silly addNameRange     '0.0.11',
29 silly addNameRange     '0.0.12',
29 silly addNameRange     '0.0.13',
29 silly addNameRange     '0.0.14',
29 silly addNameRange     '0.0.15',
29 silly addNameRange     '0.0.16',
29 silly addNameRange     '0.0.17',
29 silly addNameRange     '0.0.18',
29 silly addNameRange     '0.0.19',
29 silly addNameRange     '0.0.20',
29 silly addNameRange     '0.0.22',
29 silly addNameRange     '0.0.23',
29 silly addNameRange     '0.0.24',
29 silly addNameRange     '0.0.25',
29 silly addNameRange     '0.0.26',
29 silly addNameRange     '0.0.27',
29 silly addNameRange     '0.0.28',
29 silly addNameRange     '0.0.29',
29 silly addNameRange     '0.0.30',
29 silly addNameRange     '0.0.31',
29 silly addNameRange     '0.0.33',
29 silly addNameRange     '0.0.34',
29 silly addNameRange     '0.0.37',
29 silly addNameRange     '0.0.39',
29 silly addNameRange     '0.1.0',
29 silly addNameRange     '1.0.0-beta.0',
29 silly addNameRange     '1.0.0-beta.1',
29 silly addNameRange     '1.0.0-beta.2-mobile',
29 silly addNameRange     '1.0.0-beta.2-mobile.1',
29 silly addNameRange     '1.0.0-beta.2-mobile.2',
29 silly addNameRange     '1.0.0-beta.2-mobile.3',
29 silly addNameRange     '1.0.0-beta.2-mobile.4',
29 silly addNameRange     '1.0.0-beta.4',
29 silly addNameRange     '1.0.0-beta.5',
29 silly addNameRange     '1.0.0-beta.6',
29 silly addNameRange     '1.0.0-beta.8',
29 silly addNameRange     '1.0.0-beta.9',
29 silly addNameRange     '1.0.0-beta.10',
29 silly addNameRange     '1.0.0-beta.11-webpack',
29 silly addNameRange     '1.0.0-beta.11-webpack.2' ] ]
30 verbose addNamed [ 'angular-cli', '1.0.0-beta.10' ]
31 verbose addNamed [ '1.0.0-beta.10', '1.0.0-beta.10' ]
32 silly lockFile 4ecd2dac-angular-cli-1-0-0-beta-10 angular-cli@1.0.0-beta.10
33 verbose lock angular-cli@1.0.0-beta.10 /home/ashish/.npm/4ecd2dac-angular-cli-1-0-0-beta-10.lock
34 silly lockFile 7389bc78-li-angular-cli-1-0-0-beta-10-tgz https://registry.npmjs.org/angular-cli/-/angular-cli-1.0.0-beta.10.tgz
35 verbose lock https://registry.npmjs.org/angular-cli/-/angular-cli-1.0.0-beta.10.tgz /home/ashish/.npm/7389bc78-li-angular-cli-1-0-0-beta-10-tgz.lock
36 verbose addRemoteTarball [ 'https://registry.npmjs.org/angular-cli/-/angular-cli-1.0.0-beta.10.tgz',
36 verbose addRemoteTarball   'e8c389a37a7a9926b09b354a0078464f8af2854e' ]
37 info retry fetch attempt 1 at 15:24:36
38 verbose fetch to= /tmp/npm-13461-J71CZbN7/registry.npmjs.org/angular-cli/-/angular-cli-1.0.0-beta.10.tgz
39 http GET https://registry.npmjs.org/angular-cli/-/angular-cli-1.0.0-beta.10.tgz
40 http 200 https://registry.npmjs.org/angular-cli/-/angular-cli-1.0.0-beta.10.tgz
41 silly lockFile 7389bc78-li-angular-cli-1-0-0-beta-10-tgz https://registry.npmjs.org/angular-cli/-/angular-cli-1.0.0-beta.10.tgz
42 silly lockFile 7389bc78-li-angular-cli-1-0-0-beta-10-tgz https://registry.npmjs.org/angular-cli/-/angular-cli-1.0.0-beta.10.tgz
43 silly lockFile 4ecd2dac-angular-cli-1-0-0-beta-10 angular-cli@1.0.0-beta.10
44 silly lockFile 4ecd2dac-angular-cli-1-0-0-beta-10 angular-cli@1.0.0-beta.10
45 silly lockFile 5e40e1bb-angular-cli angular-cli@
46 silly lockFile 5e40e1bb-angular-cli angular-cli@
47 silly resolved [ { name: 'angular-cli',
47 silly resolved     version: '1.0.0-beta.10',
47 silly resolved     description: 'CLI tool for Angular',
47 silly resolved     main: 'lib/cli/index.js',
47 silly resolved     trackingCode: 'UA-8594346-19',
47 silly resolved     bin: { ng: './bin/ng' },
47 silly resolved     keywords: [],
47 silly resolved     scripts:
47 silly resolved      { test: 'node tests/runner',
47 silly resolved        mobile_test: 'mocha tests/e2e/e2e_workflow.spec.js',
47 silly resolved        lint: 'eslint .' },
47 silly resolved     repository:
47 silly resolved      { type: 'git',
47 silly resolved        url: 'git+https://github.com/angular/angular-cli.git' },
47 silly resolved     engines: { node: '>= 4.1.0' },
47 silly resolved     author: { name: 'Angular Authors' },
47 silly resolved     contributors: [ [Object], [Object] ],
47 silly resolved     license: 'MIT',
47 silly resolved     bugs: { url: 'https://github.com/angular/angular-cli/issues' },
47 silly resolved     homepage: 'https://github.com/angular/angular-cli',
47 silly resolved     dependencies:
47 silly resolved      { broccoli: '^1.0.0-beta.7',
47 silly resolved        'broccoli-caching-writer': '^2.2.1',
47 silly resolved        'broccoli-concat': '^2.2.0',
47 silly resolved        'broccoli-funnel': '^1.0.1',
47 silly resolved        'broccoli-merge-trees': '^1.1.1',
47 silly resolved        'broccoli-source': '^1.1.0',
47 silly resolved        'broccoli-uglify-js': '^0.1.3',
47 silly resolved        'broccoli-writer': '^0.1.1',
47 silly resolved        chalk: '^1.1.3',
47 silly resolved        denodeify: '^1.2.1',
47 silly resolved        'ember-cli': '2.5.0',
47 silly resolved        'ember-cli-string-utils': '^1.0.0',
47 silly resolved        'es6-promise': '^3.2.1',
47 silly resolved        exit: '^0.1.2',
47 silly resolved        'fs-extra': '^0.30.0',
47 silly resolved        glob: '^7.0.3',
47 silly resolved        handlebars: '^4.0.5',
47 silly resolved        leek: '0.0.21',
47 silly resolved        lodash: '^4.11.1',
47 silly resolved        npm: '3.10.2',
47 silly resolved        opn: '4.0.1',
47 silly resolved        resolve: '^1.1.7',
47 silly resolved        shelljs: '^0.7.0',
47 silly resolved        'silent-error': '^1.0.0',
47 silly resolved        'symlink-or-copy': '^1.0.3',
47 silly resolved        'systemjs-builder': '0.15.20',
47 silly resolved        typescript: '^1.8.10',
47 silly resolved        typings: '^0.8.1' },
47 silly resolved     'ember-addon': { paths: [Object] },
47 silly resolved     devDependencies:
47 silly resolved      { chai: '^3.5.0',
47 silly resolved        'conventional-changelog': '^1.1.0',
47 silly resolved        eslint: '^2.8.0',
47 silly resolved        'exists-sync': '0.0.3',
47 silly resolved        minimatch: '^3.0.0',
47 silly resolved        mocha: '^2.4.5',
47 silly resolved        'mock-fs': '3.10.0',
47 silly resolved        'object-assign': '^4.0.1',
47 silly resolved        rewire: '^2.5.1',
47 silly resolved        sinon: '^1.17.3',
47 silly resolved        through: '^2.3.8',
47 silly resolved        'tree-kill': '^1.0.0',
47 silly resolved        tslint: '^3.8.1',
47 silly resolved        'walk-sync': '^0.2.6' },
47 silly resolved     gitHead: 'dcaf9ee6369be45f82a36c982147863e19a866ff',
47 silly resolved     _id: 'angular-cli@1.0.0-beta.10',
47 silly resolved     _shasum: 'e8c389a37a7a9926b09b354a0078464f8af2854e',
47 silly resolved     _from: 'angular-cli@',
47 silly resolved     _npmVersion: '3.7.3',
47 silly resolved     _nodeVersion: '5.9.1',
47 silly resolved     _npmUser: { name: 'angularcore', email: 'angular-core+npm@google.com' },
47 silly resolved     dist:
47 silly resolved      { shasum: 'e8c389a37a7a9926b09b354a0078464f8af2854e',
47 silly resolved        tarball: 'https://registry.npmjs.org/angular-cli/-/angular-cli-1.0.0-beta.10.tgz' },
47 silly resolved     maintainers: [ [Object], [Object] ],
47 silly resolved     _npmOperationalInternal:
47 silly resolved      { host: 'packages-16-east.internal.npmjs.com',
47 silly resolved        tmp: 'tmp/angular-cli-1.0.0-beta.10.tgz_1468971427712_0.5808384290430695' },
47 silly resolved     directories: {},
47 silly resolved     _resolved: 'https://registry.npmjs.org/angular-cli/-/angular-cli-1.0.0-beta.10.tgz' } ]
48 info install angular-cli@1.0.0-beta.10 into /usr/lib
49 info installOne angular-cli@1.0.0-beta.10
50 warn engine angular-cli@1.0.0-beta.10: wanted: {"node":">= 4.1.0"} (current: {"node":"0.10.37","npm":"1.4.28"})
51 verbose lib/node_modules/angular-cli unbuild
52 verbose tar unpack /home/ashish/.npm/angular-cli/1.0.0-beta.10/package.tgz
53 silly lockFile 5c4ce5a1-usr-lib-node-modules-angular-cli tar:///usr/lib/node_modules/angular-cli
54 verbose lock tar:///usr/lib/node_modules/angular-cli /home/ashish/.npm/5c4ce5a1-usr-lib-node-modules-angular-cli.lock
55 silly lockFile 41e27428-ar-cli-1-0-0-beta-10-package-tgz tar:///home/ashish/.npm/angular-cli/1.0.0-beta.10/package.tgz
56 verbose lock tar:///home/ashish/.npm/angular-cli/1.0.0-beta.10/package.tgz /home/ashish/.npm/41e27428-ar-cli-1-0-0-beta-10-package-tgz.lock
57 silly gunzTarPerm modes [ '775', '664' ]
58 error Error: EACCES, mkdir '/usr/lib/node_modules/angular-cli'
58 error  { [Error: EACCES, mkdir '/usr/lib/node_modules/angular-cli']
58 error   errno: 3,
58 error   code: 'EACCES',
58 error   path: '/usr/lib/node_modules/angular-cli',
58 error   fstream_type: 'Directory',
58 error   fstream_path: '/usr/lib/node_modules/angular-cli',
58 error   fstream_class: 'DirWriter',
58 error   fstream_stack:
58 error    [ '/usr/lib/node_modules/npm/node_modules/fstream/lib/dir-writer.js:36:23',
58 error      '/usr/lib/node_modules/npm/node_modules/mkdirp/index.js:46:53',
58 error      'Object.oncomplete (fs.js:108:15)' ] }
59 error Please try running this command again as root/Administrator.
60 error System Linux 3.2.0-102-generic
61 error command "/usr/bin/node" "/usr/bin/npm" "install" "-g" "angular-cli"
62 error cwd /home/ashish/websites/angularseed
63 error node -v v0.10.37
64 error npm -v 1.4.28
65 error path /usr/lib/node_modules/angular-cli
66 error fstream_path /usr/lib/node_modules/angular-cli
67 error fstream_type Directory
68 error fstream_class DirWriter
69 error code EACCES
70 error errno 3
71 error stack Error: EACCES, mkdir '/usr/lib/node_modules/angular-cli'
72 error fstream_stack /usr/lib/node_modules/npm/node_modules/fstream/lib/dir-writer.js:36:23
72 error fstream_stack /usr/lib/node_modules/npm/node_modules/mkdirp/index.js:46:53
72 error fstream_stack Object.oncomplete (fs.js:108:15)
73 verbose exit [ 3, true ]
